\BOOKMARK [1][-]{section.1}{\376\377\000W\000p\000r\000o\000w\000a\000d\000z\000e\000n\000i\000e}{}% 1
\BOOKMARK [1][-]{section.2}{\376\377\000S\000t\000r\000u\000k\000t\000u\000r\000y\000\040\000p\000l\000i\000k\000\363\000w}{}% 2
\BOOKMARK [1][-]{section.3}{\376\377\000S\000z\000c\000z\000e\000g\000\363\001\102\000y\000\040\000i\000m\000p\000l\000e\000m\000e\000n\000t\000a\000c\000y\000j\000n\000e}{}% 3
\BOOKMARK [2][-]{subsection.3.1}{\376\377\000B\000u\000f\000o\000r\000o\000w\000a\000n\000i\000e\000\040\000w\000\040\000p\000a\000m\000i\001\031\000c\000i\000\040\000o\000p\000e\000r\000a\000c\000y\000j\000n\000e\000j}{section.3}% 4
\BOOKMARK [2][-]{subsection.3.2}{\376\377\000P\000a\000r\000a\000m\000e\000t\000r\000y\000\040\000i\000m\000p\000l\000e\000m\000e\000n\000t\000a\000c\000y\000j\000n\000e}{section.3}% 5
\BOOKMARK [1][-]{section.4}{\376\377\000F\000o\000r\000m\000a\000t\000\040\000p\000l\000i\000k\000u\000\040\000t\000e\000s\000t\000o\000w\000e\000g\000o}{}% 6
\BOOKMARK [2][-]{subsection.4.1}{\376\377\000S\000t\000r\000u\000k\000t\000u\000r\000a\000\040\000r\000e\000k\000o\000r\000d\000u}{section.4}% 7
\BOOKMARK [1][-]{section.5}{\376\377\000P\000r\000e\000z\000e\000n\000t\000a\000c\000j\000a\000\040\000w\000y\000n\000i\000k\000\363\000w}{}% 8
\BOOKMARK [2][-]{subsection.5.1}{\376\377\000I\000n\000t\000e\000r\000f\000e\000j\000s\000\040\000u\001\174\000y\000t\000k\000o\000w\000n\000i\000k\000a}{section.5}% 9
\BOOKMARK [2][-]{subsection.5.2}{\376\377\000D\000o\000s\000t\001\031\000p\000n\000e\000\040\000k\000o\000m\000e\000n\000d\000y}{section.5}% 10
\BOOKMARK [2][-]{subsection.5.3}{\376\377\000F\000o\000r\000m\000a\000t\000\040\000w\000y\001\133\000w\000i\000e\000t\000l\000a\000n\000i\000a}{section.5}% 11
\BOOKMARK [1][-]{section.6}{\376\377\000E\000k\000s\000p\000e\000r\000y\000m\000e\000n\000t\000y}{}% 12
\BOOKMARK [2][-]{subsection.6.1}{\376\377\000M\000e\000t\000o\000d\000o\000l\000o\000g\000i\000a}{section.6}% 13
\BOOKMARK [2][-]{subsection.6.2}{\376\377\000W\000y\000n\000i\000k\000i}{section.6}% 14
\BOOKMARK [3][-]{subsubsection.6.2.1}{\376\377\000W\000p\001\102\000y\000w\000\040\000r\000o\000z\000m\000i\000a\000r\000u\000\040\000s\000t\000r\000o\000n\000y}{subsection.6.2}% 15
\BOOKMARK [3][-]{subsubsection.6.2.2}{\376\377\000W\000p\001\102\000y\000w\000\040\000w\000s\000p\000\363\001\102\000c\000z\000y\000n\000n\000i\000k\000a\000\040}{subsection.6.2}% 16
\BOOKMARK [3][-]{subsubsection.6.2.3}{\376\377\000W\000p\001\102\000y\000w\000\040\000w\000s\000p\000\363\001\102\000c\000z\000y\000n\000n\000i\000k\000a\000\040}{subsection.6.2}% 17
\BOOKMARK [2][-]{subsection.6.3}{\376\377\000A\000n\000a\000l\000i\000z\000a\000\040\000z\001\102\000o\001\174\000o\000n\000o\001\133\000c\000i\000\040\000o\000p\000e\000r\000a\000c\000j\000i}{section.6}% 18
\BOOKMARK [1][-]{section.7}{\376\377\000W\000n\000i\000o\000s\000k\000i}{}% 19
\BOOKMARK [1][-]{section.8}{\376\377\000B\000i\000b\000l\000i\000o\000g\000r\000a\000f\000i\000a}{}% 20
